[
    {
      "Plan": {
        "Node Type": "Nested Loop",
        "Parallel Aware": false,
        "Join Type": "Semi",
        "Startup Cost": 2913.33,
        "Total Cost": 147781.36,
        "Plan Rows": 1,
        "Plan Width": 253,
        "Inner Unique": false,
        "Join Filter": "(publication.pub_id = authored.pub_id)",
        "Plans": [
          {
            "Node Type": "Seq Scan",
            "Parent Relationship": "InitPlan",
            "Subplan Name": "InitPlan 1 (returns $0)",
            "Parallel Aware": false,
            "Relation Name": "proceedings",
            "Alias": "proceedings",
            "Startup Cost": 0,
            "Total Cost": 1899.22,
            "Plan Rows": 1,
            "Plan Width": 16,
            "Filter": "(((title)::text = '19th Americas Conference on Information Systems AMCIS 2013 Chicago Illinois USA August 15-17 2013'::text) AND (publication_year = 2013))"
          },
          {
            "Node Type": "Index Scan",
            "Parent Relationship": "InitPlan",
            "Subplan Name": "InitPlan 2 (returns $1)",
            "Parallel Aware": false,
            "Scan Direction": "Forward",
            "Index Name": "idx_16401_name",
            "Relation Name": "author",
            "Alias": "author",
            "Startup Cost": 0.43,
            "Total Cost": 8.45,
            "Plan Rows": 1,
            "Plan Width": 8,
            "Index Cond": "((name)::text = 'Markus Bick'::text)"
          },
          {
            "Node Type": "Nested Loop",
            "Parent Relationship": "Outer",
            "Parallel Aware": false,
            "Join Type": "Inner",
            "Startup Cost": 5.65,
            "Total Cost": 1255.46,
            "Plan Rows": 102,
            "Plan Width": 261,
            "Inner Unique": true,
            "Plans": [
              {
                "Node Type": "Bitmap Heap Scan",
                "Parent Relationship": "Outer",
                "Parallel Aware": false,
                "Relation Name": "inproceedings",
                "Alias": "inproceedings",
                "Startup Cost": 5.22,
                "Total Cost": 393.56,
                "Plan Rows": 102,
                "Plan Width": 8,
                "Recheck Cond": "((cross_ref)::text = ($0)::text)",
                "Plans": [
                  {
                    "Node Type": "Bitmap Index Scan",
                    "Parent Relationship": "Outer",
                    "Parallel Aware": false,
                    "Index Name": "idx_16430_fk_inproceeding_to_proceeeding_idx",
                    "Startup Cost": 0,
                    "Total Cost": 5.19,
                    "Plan Rows": 102,
                    "Plan Width": 0,
                    "Index Cond": "((cross_ref)::text = ($0)::text)"
                  }
                ]
              },
              {
                "Node Type": "Index Scan",
                "Parent Relationship": "Inner",
                "Parallel Aware": false,
                "Scan Direction": "Forward",
                "Index Name": "idx_16448_primary",
                "Relation Name": "publication",
                "Alias": "publication",
                "Startup Cost": 0.43,
                "Total Cost": 8.45,
                "Plan Rows": 1,
                "Plan Width": 253,
                "Index Cond": "(pub_id = inproceedings.id)"
              }
            ]
          },
          {
            "Node Type": "Materialize",
            "Parent Relationship": "Inner",
            "Parallel Aware": false,
            "Startup Cost": 1000,
            "Total Cost": 144537.27,
            "Plan Rows": 53,
            "Plan Width": 8,
            "Plans": [
              {
                "Node Type": "Gather",
                "Parent Relationship": "Outer",
                "Parallel Aware": false,
                "Startup Cost": 1000,
                "Total Cost": 144537,
                "Plan Rows": 53,
                "Plan Width": 8,
                "Workers Planned": 2,
                "Params Evaluated": [
                  "$1"
                ],
                "Single Copy": false,
                "Plans": [
                  {
                    "Node Type": "Seq Scan",
                    "Parent Relationship": "Outer",
                    "Parallel Aware": true,
                    "Relation Name": "authored",
                    "Alias": "authored",
                    "Startup Cost": 0,
                    "Total Cost": 143531.7,
                    "Plan Rows": 22,
                    "Plan Width": 8,
                    "Filter": "(author_id = $1)"
                  }
                ]
              }
            ]
          }
        ]
      }
    }
  ]